# On branch master
# Changed but not updated:
#   (use "git add <file>..." to update what will be committed)
#   (use "git checkout -- <file>..." to discard changes in working directory)
#
#	modified:   adventure/crc.c
#	modified:   adventure/done.c
#	modified:   adventure/init.c
#	modified:   adventure/io.c
#	modified:   adventure/main.c
#	modified:   adventure/save.c
#	modified:   adventure/setup.c
#	modified:   adventure/subr.c
#	modified:   adventure/vocab.c
#	modified:   adventure/wizard.c
#	modified:   arithmetic/arithmetic.c
#	modified:   atc/extern.c
#	modified:   atc/grammar.y
#	modified:   atc/graphics.c
#	modified:   atc/input.c
#	modified:   atc/lex.l
#	modified:   atc/list.c
#	modified:   atc/log.c
#	modified:   atc/main.c
#	modified:   atc/update.c
#	modified:   backgammon/backgammon/extra.c
#	modified:   backgammon/backgammon/main.c
#	modified:   backgammon/backgammon/move.c
#	modified:   backgammon/backgammon/pubeval.c
#	modified:   backgammon/backgammon/text.c
#	modified:   backgammon/common_source/allow.c
#	modified:   backgammon/common_source/board.c
#	modified:   backgammon/common_source/check.c
#	modified:   backgammon/common_source/fancy.c
#	modified:   backgammon/common_source/init.c
#	modified:   backgammon/common_source/odds.c
#	modified:   backgammon/common_source/one.c
#	modified:   backgammon/common_source/save.c
#	modified:   backgammon/common_source/subs.c
#	modified:   backgammon/common_source/table.c
#	modified:   backgammon/teachgammon/data.c
#	modified:   backgammon/teachgammon/teach.c
#	modified:   backgammon/teachgammon/ttext1.c
#	modified:   backgammon/teachgammon/ttext2.c
#	modified:   backgammon/teachgammon/tutor.c
#	modified:   banner/banner.c
#	modified:   battlestar/battlestar.c
#	modified:   battlestar/com1.c
#	modified:   battlestar/com2.c
#	modified:   battlestar/com3.c
#	modified:   battlestar/com4.c
#	modified:   battlestar/com5.c
#	modified:   battlestar/com6.c
#	modified:   battlestar/com7.c
#	modified:   battlestar/cypher.c
#	modified:   battlestar/dayfile.c
#	modified:   battlestar/dayobjs.c
#	modified:   battlestar/fly.c
#	modified:   battlestar/getcom.c
#	modified:   battlestar/globals.c
#	modified:   battlestar/init.c
#	modified:   battlestar/misc.c
#	modified:   battlestar/nightfile.c
#	modified:   battlestar/nightobjs.c
#	modified:   battlestar/parse.c
#	modified:   battlestar/room.c
#	modified:   battlestar/save.c
#	modified:   battlestar/words.c
#	modified:   bcd/bcd.c
#	modified:   boggle/boggle/bog.c
#	modified:   boggle/boggle/help.c
#	modified:   boggle/boggle/mach.c
#	modified:   boggle/boggle/timer.c
#	modified:   boggle/boggle/word.c
#	modified:   boggle/mkdict/mkdict.c
#	modified:   boggle/mkindex/mkindex.c
#	modified:   bs/bs.c
#	modified:   caesar/caesar.c
#	modified:   canfield/canfield/canfield.c
#	modified:   canfield/cfscores/cfscores.c
#	modified:   cribbage/cards.c
#	modified:   cribbage/crib.c
#	modified:   cribbage/extern.c
#	modified:   cribbage/instr.c
#	modified:   cribbage/io.c
#	modified:   cribbage/score.c
#	modified:   cribbage/support.c
#	modified:   factor/factor.c
#	modified:   fish/fish.c
#	modified:   fortune/fortune/fortune.c
#	modified:   fortune/strfile/strfile.c
#	modified:   fortune/unstr/unstr.c
#	modified:   gomoku/bdinit.c
#	modified:   gomoku/bdisp.c
#	modified:   gomoku/main.c
#	modified:   gomoku/makemove.c
#	modified:   gomoku/pickmove.c
#	modified:   gomoku/stoc.c
#	modified:   hack/alloc.c
#	modified:   hack/hack.Decl.c
#	modified:   hack/hack.apply.c
#	modified:   hack/hack.bones.c
#	modified:   hack/hack.c
#	modified:   hack/hack.cmd.c
#	modified:   hack/hack.do.c
#	modified:   hack/hack.do_name.c
#	modified:   hack/hack.do_wear.c
#	modified:   hack/hack.dog.c
#	modified:   hack/hack.eat.c
#	modified:   hack/hack.end.c
#	modified:   hack/hack.engrave.c
#	modified:   hack/hack.fight.c
#	modified:   hack/hack.invent.c
#	modified:   hack/hack.ioctl.c
#	modified:   hack/hack.lev.c
#	modified:   hack/hack.main.c
#	modified:   hack/hack.makemon.c
#	modified:   hack/hack.mhitu.c
#	modified:   hack/hack.mklev.c
#	modified:   hack/hack.mkmaze.c
#	modified:   hack/hack.mkobj.c
#	modified:   hack/hack.mkshop.c
#	modified:   hack/hack.mon.c
#	modified:   hack/hack.monst.c
#	modified:   hack/hack.o_init.c
#	modified:   hack/hack.objnam.c
#	modified:   hack/hack.options.c
#	modified:   hack/hack.pager.c
#	modified:   hack/hack.potion.c
#	modified:   hack/hack.pri.c
#	modified:   hack/hack.read.c
#	modified:   hack/hack.rip.c
#	modified:   hack/hack.rumors.c
#	modified:   hack/hack.save.c
#	modified:   hack/hack.search.c
#	modified:   hack/hack.shk.c
#	modified:   hack/hack.shknam.c
#	modified:   hack/hack.steal.c
#	modified:   hack/hack.termcap.c
#	modified:   hack/hack.timeout.c
#	modified:   hack/hack.topl.c
#	modified:   hack/hack.track.c
#	modified:   hack/hack.trap.c
#	modified:   hack/hack.tty.c
#	modified:   hack/hack.u_init.c
#	modified:   hack/hack.unix.c
#	modified:   hack/hack.vault.c
#	modified:   hack/hack.version.c
#	modified:   hack/hack.wield.c
#	modified:   hack/hack.wizard.c
#	modified:   hack/hack.worm.c
#	modified:   hack/hack.worn.c
#	modified:   hack/hack.zap.c
#	modified:   hack/makedefs.c
#	modified:   hack/rnd.c
#	modified:   hangman/endgame.c
#	modified:   hangman/extern.c
#	modified:   hangman/getguess.c
#	modified:   hangman/getword.c
#	modified:   hangman/main.c
#	modified:   hangman/playgame.c
#	modified:   hangman/prdata.c
#	modified:   hangman/prman.c
#	modified:   hangman/prword.c
#	modified:   hangman/setup.c
#	modified:   mille/comp.c
#	modified:   mille/end.c
#	modified:   mille/extern.c
#	modified:   mille/init.c
#	modified:   mille/mille.c
#	modified:   mille/misc.c
#	modified:   mille/move.c
#	modified:   mille/print.c
#	modified:   mille/roll.c
#	modified:   mille/save.c
#	modified:   mille/types.c
#	modified:   mille/varpush.c
#	modified:   monop/cards.c
#	modified:   monop/execute.c
#	modified:   monop/getinp.c
#	modified:   monop/houses.c
#	modified:   monop/initdeck.c
#	modified:   monop/jail.c
#	modified:   monop/misc.c
#	modified:   monop/monop.c
#	modified:   monop/morg.c
#	modified:   monop/print.c
#	modified:   monop/prop.c
#	modified:   monop/rent.c
#	modified:   monop/roll.c
#	modified:   monop/spec.c
#	modified:   monop/trade.c
#	modified:   morse/morse.c
#	modified:   number/number.c
#	modified:   pig/pig.c
#	modified:   pom/pom.c
#	modified:   ppt/ppt.c
#	modified:   primes/pattern.c
#	modified:   primes/pr_tbl.c
#	modified:   primes/primes.c
#	modified:   quiz/quiz.c
#	modified:   quiz/rxp.c
#	modified:   rain/rain.c
#	modified:   random/random.c
#	modified:   robots/extern.c
#	modified:   robots/init_field.c
#	modified:   robots/main.c
#	modified:   robots/make_level.c
#	modified:   robots/move.c
#	modified:   robots/move_robs.c
#	modified:   robots/play_level.c
#	modified:   robots/query.c
#	modified:   robots/rnd_pos.c
#	modified:   robots/score.c
#	modified:   rogue/hit.c
#	modified:   rogue/init.c
#	modified:   rogue/inventory.c
#	modified:   rogue/level.c
#	modified:   rogue/machdep.c
#	modified:   rogue/main.c
#	modified:   rogue/message.c
#	modified:   rogue/monster.c
#	modified:   rogue/move.c
#	modified:   rogue/object.c
#	modified:   rogue/pack.c
#	modified:   rogue/play.c
#	modified:   rogue/random.c
#	modified:   rogue/ring.c
#	modified:   rogue/room.c
#	modified:   rogue/save.c
#	modified:   rogue/score.c
#	modified:   rogue/spec_hit.c
#	modified:   rogue/throw.c
#	modified:   rogue/trap.c
#	modified:   rogue/use.c
#	modified:   rogue/zap.c
#	modified:   sail/assorted.c
#	modified:   sail/dr_1.c
#	modified:   sail/dr_2.c
#	modified:   sail/dr_3.c
#	modified:   sail/dr_4.c
#	modified:   sail/dr_5.c
#	modified:   sail/dr_main.c
#	modified:   sail/game.c
#	modified:   sail/globals.c
#	modified:   sail/lo_main.c
#	modified:   sail/main.c
#	modified:   sail/misc.c
#	modified:   sail/parties.c
#	modified:   sail/pl_1.c
#	modified:   sail/pl_2.c
#	modified:   sail/pl_3.c
#	modified:   sail/pl_4.c
#	modified:   sail/pl_5.c
#	modified:   sail/pl_6.c
#	modified:   sail/pl_7.c
#	modified:   sail/pl_main.c
#	modified:   sail/sync.c
#	modified:   sail/version.c
#	modified:   snake/snake.c
#	modified:   snake/snscore.c
#	modified:   status.log
#	modified:   tetris/tetris.c
#	modified:   trek/abandon.c
#	modified:   trek/attack.c
#	modified:   trek/autover.c
#	modified:   trek/capture.c
#	modified:   trek/check_out.c
#	modified:   trek/checkcond.c
#	modified:   trek/compkl.c
#	modified:   trek/computer.c
#	modified:   trek/damage.c
#	modified:   trek/damaged.c
#	modified:   trek/dcrept.c
#	modified:   trek/destruct.c
#	modified:   trek/dock.c
#	modified:   trek/dumpgame.c
#	modified:   trek/dumpme.c
#	modified:   trek/dumpssradio.c
#	modified:   trek/events.c
#	modified:   trek/externs.c
#	modified:   trek/getcodi.c
#	modified:   trek/getpar.c
#	modified:   trek/help.c
#	modified:   trek/impulse.c
#	modified:   trek/initquad.c
#	modified:   trek/kill.c
#	modified:   trek/klmove.c
#	modified:   trek/lose.c
#	modified:   trek/lrscan.c
#	modified:   trek/main.c
#	modified:   trek/move.c
#	modified:   trek/nova.c
#	modified:   trek/out.c
#	modified:   trek/phaser.c
#	modified:   trek/play.c
#	modified:   trek/ram.c
#	modified:   trek/ranf.c
#	modified:   trek/rest.c
#	modified:   trek/schedule.c
#	modified:   trek/score.c
#	modified:   trek/setup.c
#	modified:   trek/setwarp.c
#	modified:   trek/shield.c
#	modified:   trek/snova.c
#	modified:   trek/srscan.c
#	modified:   trek/systemname.c
#	modified:   trek/torped.c
#	modified:   trek/visual.c
#	modified:   trek/warp.c
#	modified:   trek/win.c
#	modified:   up.log
#	modified:   worm/worm.c
#	modified:   worms/worms.c
#	modified:   wump/wump.c
#
no changes added to commit (use "git add" and/or "git commit -a")
