? .git
? .gitignore
? status.log
? up.log
P adventure/crc.c
P adventure/done.c
P adventure/init.c
P adventure/io.c
P adventure/main.c
P adventure/save.c
P adventure/setup.c
P adventure/subr.c
P adventure/vocab.c
P adventure/wizard.c
P arithmetic/arithmetic.c
P atc/extern.c
P atc/grammar.y
P atc/graphics.c
P atc/input.c
P atc/lex.l
P atc/list.c
P atc/log.c
P atc/main.c
P atc/update.c
P backgammon/backgammon/extra.c
P backgammon/backgammon/main.c
P backgammon/backgammon/move.c
P backgammon/backgammon/pubeval.c
P backgammon/backgammon/text.c
P backgammon/common_source/allow.c
P backgammon/common_source/board.c
P backgammon/common_source/check.c
P backgammon/common_source/fancy.c
P backgammon/common_source/init.c
P backgammon/common_source/odds.c
P backgammon/common_source/one.c
P backgammon/common_source/save.c
P backgammon/common_source/subs.c
P backgammon/common_source/table.c
P backgammon/teachgammon/data.c
P backgammon/teachgammon/teach.c
P backgammon/teachgammon/ttext1.c
P backgammon/teachgammon/ttext2.c
P backgammon/teachgammon/tutor.c
P banner/banner.c
P battlestar/battlestar.c
P battlestar/com1.c
P battlestar/com2.c
P battlestar/com3.c
P battlestar/com4.c
P battlestar/com5.c
P battlestar/com6.c
P battlestar/com7.c
P battlestar/cypher.c
P battlestar/dayfile.c
P battlestar/dayobjs.c
P battlestar/fly.c
P battlestar/getcom.c
P battlestar/globals.c
P battlestar/init.c
P battlestar/misc.c
P battlestar/nightfile.c
P battlestar/nightobjs.c
P battlestar/parse.c
P battlestar/room.c
P battlestar/save.c
P battlestar/words.c
P bcd/bcd.c
P boggle/boggle/bog.c
P boggle/boggle/help.c
P boggle/boggle/mach.c
P boggle/boggle/timer.c
P boggle/boggle/word.c
P boggle/mkdict/mkdict.c
P boggle/mkindex/mkindex.c
P bs/bs.c
P caesar/caesar.c
P canfield/canfield/canfield.c
P canfield/cfscores/cfscores.c
P cribbage/cards.c
P cribbage/crib.c
P cribbage/extern.c
P cribbage/instr.c
P cribbage/io.c
P cribbage/score.c
P cribbage/support.c
P factor/factor.c
P fish/fish.c
P fortune/fortune/fortune.c
P fortune/strfile/strfile.c
P fortune/unstr/unstr.c
P gomoku/bdinit.c
P gomoku/bdisp.c
P gomoku/main.c
P gomoku/makemove.c
P gomoku/pickmove.c
P gomoku/stoc.c
P hack/alloc.c
P hack/hack.Decl.c
P hack/hack.apply.c
P hack/hack.bones.c
P hack/hack.c
P hack/hack.cmd.c
P hack/hack.do.c
P hack/hack.do_name.c
P hack/hack.do_wear.c
P hack/hack.dog.c
P hack/hack.eat.c
P hack/hack.end.c
P hack/hack.engrave.c
P hack/hack.fight.c
P hack/hack.invent.c
P hack/hack.ioctl.c
P hack/hack.lev.c
P hack/hack.main.c
P hack/hack.makemon.c
P hack/hack.mhitu.c
P hack/hack.mklev.c
P hack/hack.mkmaze.c
P hack/hack.mkobj.c
P hack/hack.mkshop.c
P hack/hack.mon.c
P hack/hack.monst.c
P hack/hack.o_init.c
P hack/hack.objnam.c
P hack/hack.options.c
P hack/hack.pager.c
P hack/hack.potion.c
P hack/hack.pri.c
P hack/hack.read.c
P hack/hack.rip.c
P hack/hack.rumors.c
P hack/hack.save.c
P hack/hack.search.c
P hack/hack.shk.c
P hack/hack.shknam.c
P hack/hack.steal.c
P hack/hack.termcap.c
P hack/hack.timeout.c
P hack/hack.topl.c
P hack/hack.track.c
P hack/hack.trap.c
P hack/hack.tty.c
P hack/hack.u_init.c
P hack/hack.unix.c
P hack/hack.vault.c
P hack/hack.version.c
P hack/hack.wield.c
P hack/hack.wizard.c
P hack/hack.worm.c
P hack/hack.worn.c
P hack/hack.zap.c
P hack/makedefs.c
P hack/rnd.c
P hangman/endgame.c
P hangman/extern.c
P hangman/getguess.c
P hangman/getword.c
P hangman/main.c
P hangman/playgame.c
P hangman/prdata.c
P hangman/prman.c
P hangman/prword.c
P hangman/setup.c
P mille/comp.c
P mille/end.c
P mille/extern.c
P mille/init.c
P mille/mille.c
P mille/misc.c
P mille/move.c
P mille/print.c
P mille/roll.c
P mille/save.c
P mille/types.c
P mille/varpush.c
P monop/cards.c
P monop/execute.c
P monop/getinp.c
P monop/houses.c
P monop/initdeck.c
P monop/jail.c
P monop/misc.c
P monop/monop.c
P monop/morg.c
P monop/print.c
P monop/prop.c
P monop/rent.c
P monop/roll.c
P monop/spec.c
P monop/trade.c
P morse/morse.c
P number/number.c
P pig/pig.c
P pom/pom.c
P ppt/ppt.c
P primes/pattern.c
P primes/pr_tbl.c
P primes/primes.c
P quiz/quiz.c
P quiz/rxp.c
P rain/rain.c
P random/random.c
P robots/extern.c
P robots/init_field.c
P robots/main.c
P robots/make_level.c
P robots/move.c
P robots/move_robs.c
P robots/play_level.c
P robots/query.c
P robots/rnd_pos.c
P robots/score.c
P rogue/hit.c
P rogue/init.c
P rogue/inventory.c
P rogue/level.c
P rogue/machdep.c
P rogue/main.c
P rogue/message.c
P rogue/monster.c
P rogue/move.c
P rogue/object.c
P rogue/pack.c
P rogue/play.c
P rogue/random.c
P rogue/ring.c
P rogue/room.c
P rogue/save.c
P rogue/score.c
P rogue/spec_hit.c
P rogue/throw.c
P rogue/trap.c
P rogue/use.c
P rogue/zap.c
P sail/assorted.c
P sail/dr_1.c
P sail/dr_2.c
P sail/dr_3.c
P sail/dr_4.c
P sail/dr_5.c
P sail/dr_main.c
P sail/game.c
P sail/globals.c
P sail/lo_main.c
P sail/main.c
P sail/misc.c
P sail/parties.c
P sail/pl_1.c
P sail/pl_2.c
P sail/pl_3.c
P sail/pl_4.c
P sail/pl_5.c
P sail/pl_6.c
P sail/pl_7.c
P sail/pl_main.c
P sail/sync.c
P sail/version.c
P snake/snake.c
P snake/snscore.c
P tetris/tetris.c
P trek/abandon.c
P trek/attack.c
P trek/autover.c
P trek/capture.c
P trek/check_out.c
P trek/checkcond.c
P trek/compkl.c
P trek/computer.c
P trek/damage.c
P trek/damaged.c
P trek/dcrept.c
P trek/destruct.c
P trek/dock.c
P trek/dumpgame.c
P trek/dumpme.c
P trek/dumpssradio.c
P trek/events.c
P trek/externs.c
P trek/getcodi.c
P trek/getpar.c
P trek/help.c
P trek/impulse.c
P trek/initquad.c
P trek/kill.c
P trek/klmove.c
P trek/lose.c
P trek/lrscan.c
P trek/main.c
P trek/move.c
P trek/nova.c
P trek/out.c
P trek/phaser.c
P trek/play.c
P trek/ram.c
P trek/ranf.c
P trek/rest.c
P trek/schedule.c
P trek/score.c
P trek/setup.c
P trek/setwarp.c
P trek/shield.c
P trek/snova.c
P trek/srscan.c
P trek/systemname.c
P trek/torped.c
P trek/visual.c
P trek/warp.c
P trek/win.c
P worm/worm.c
P worms/worms.c
P wump/wump.c
